#
# There is insufficient memory for the Java Runtime Environment to continue.
# Native memory allocation (malloc) failed to allocate 2037456 bytes for Chunk::new
# Possible reasons:
#   The system is out of physical RAM or swap space
#   The process is running with CompressedOops enabled, and the Java Heap may be blocking the growth of the native heap
# Possible solutions:
#   Reduce memory load on the system
#   Increase physical memory or swap space
#   Check if swap backing store is full
#   Decrease Java heap size (-Xmx/-Xms)
#   Decrease number of Java threads
#   Decrease Java thread stack sizes (-Xss)
#   Set larger code cache with -XX:ReservedCodeCacheSize=
#   JVM is running with Zero Based Compressed Oops mode in which the Java heap is
#     placed in the first 32GB address space. The Java Heap base address is the
#     maximum limit for the native heap growth. Please use -XX:HeapBaseMinAddress
#     to set the Java Heap base and to place the Java Heap above 32GB virtual address.
# This output file may be truncated or incomplete.
#
#  Out of Memory Error (arena.cpp:195), pid=20848, tid=20884
#
# JRE version: Java(TM) SE Runtime Environment (16.0.1+9) (build 16.0.1+9-24)
# Java VM: Java HotSpot(TM) 64-Bit Server VM (16.0.1+9-24, mixed mode, sharing, tiered, compressed oops, compressed class ptrs, g1 gc, windows-amd64)
# No core dump will be written. Minidumps are not enabled by default on client versions of Windows
#

---------------  S U M M A R Y ------------

Command Line: -Dclassworlds.conf=D:\Programming\apache-maven-3.8.1\bin\..\bin\m2.conf -Dmaven.home=D:\Programming\apache-maven-3.8.1\bin\.. -Dlibrary.jansi.path=D:\Programming\apache-maven-3.8.1\bin\..\lib\jansi-native -Dmaven.multiModuleProjectDirectory=D:\Programming\Project\taxiservice\Driving org.codehaus.plexus.classworlds.launcher.Launcher spring-boot:run

Host: Intel(R) Core(TM) i7-6700HQ CPU @ 2.60GHz, 8 cores, 15G,  Windows 10 , 64 bit Build 19041 (10.0.19041.1023)
Time: Fri Jul  9 09:11:20 2021  Windows 10 , 64 bit Build 19041 (10.0.19041.1023) elapsed time: 8.340333 seconds (0d 0h 0m 8s)

---------------  T H R E A D  ---------------

Current thread (0x000001e1896eb010):  JavaThread "C2 CompilerThread2" daemon [_thread_in_native, id=20884, stack(0x0000008b93500000,0x0000008b93600000)]


Current CompileTask:
C2:   8340 4012       4       org.apache.maven.model.inheritance.DefaultInheritanceAssembler$InheritanceModelMerger::mergePluginContainer_Plugins (430 bytes)

Stack: [0x0000008b93500000,0x0000008b93600000]
Native frames: (J=compiled Java code, j=interpreted, Vv=VM code, C=native code)
V  [jvm.dll+0x6687ca]
V  [jvm.dll+0x7ca3c9]
V  [jvm.dll+0x7cbb53]
V  [jvm.dll+0x7cc1b3]
V  [jvm.dll+0x242ea5]
V  [jvm.dll+0xadeca]
V  [jvm.dll+0xae5ac]
V  [jvm.dll+0x35aed2]
V  [jvm.dll+0x3253d1]
V  [jvm.dll+0x32487a]
V  [jvm.dll+0x215f3c]
V  [jvm.dll+0x215350]
V  [jvm.dll+0x1a1d9b]
V  [jvm.dll+0x2253a8]
V  [jvm.dll+0x2233ec]
V  [jvm.dll+0x780002]
V  [jvm.dll+0x779b4a]
V  [jvm.dll+0x667666]
C  [ucrtbase.dll+0x21bb2]
C  [KERNEL32.DLL+0x17034]
C  [ntdll.dll+0x52651]


---------------  P R O C E S S  ---------------

Threads class SMR info:
_java_thread_list=0x000001e18686f770, length=14, elements={
0x000001e1e22ae320, 0x000001e1feeed6a0, 0x000001e1feeee560, 0x000001e1feefc9a0,
0x000001e1fef005c0, 0x000001e1fef053e0, 0x000001e1fef05de0, 0x000001e1fef0a010,
0x000001e1fef1afe0, 0x000001e1fef0ca60, 0x000001e1ff907c80, 0x000001e1ff909ae0,
0x000001e1863faa30, 0x000001e1896eb010
}

Java Threads: ( => current thread )
  0x000001e1e22ae320 JavaThread "main" [_thread_in_Java, id=14112, stack(0x0000008b92100000,0x0000008b92200000)]
  0x000001e1feeed6a0 JavaThread "Reference Handler" daemon [_thread_blocked, id=9292, stack(0x0000008b92800000,0x0000008b92900000)]
  0x000001e1feeee560 JavaThread "Finalizer" daemon [_thread_blocked, id=12412, stack(0x0000008b92900000,0x0000008b92a00000)]
  0x000001e1feefc9a0 JavaThread "Signal Dispatcher" daemon [_thread_blocked, id=20188, stack(0x0000008b92a00000,0x0000008b92b00000)]
  0x000001e1fef005c0 JavaThread "Attach Listener" daemon [_thread_blocked, id=19520, stack(0x0000008b92b00000,0x0000008b92c00000)]
  0x000001e1fef053e0 JavaThread "Service Thread" daemon [_thread_blocked, id=12128, stack(0x0000008b92c00000,0x0000008b92d00000)]
  0x000001e1fef05de0 JavaThread "Monitor Deflation Thread" daemon [_thread_blocked, id=18892, stack(0x0000008b92d00000,0x0000008b92e00000)]
  0x000001e1fef0a010 JavaThread "C2 CompilerThread0" daemon [_thread_in_native, id=12524, stack(0x0000008b92e00000,0x0000008b92f00000)]
  0x000001e1fef1afe0 JavaThread "C1 CompilerThread0" daemon [_thread_in_native, id=4588, stack(0x0000008b92f00000,0x0000008b93000000)]
  0x000001e1fef0ca60 JavaThread "Sweeper thread" daemon [_thread_blocked, id=9596, stack(0x0000008b93000000,0x0000008b93100000)]
  0x000001e1ff907c80 JavaThread "Notification Thread" daemon [_thread_blocked, id=15376, stack(0x0000008b93100000,0x0000008b93200000)]
  0x000001e1ff909ae0 JavaThread "Common-Cleaner" daemon [_thread_blocked, id=18972, stack(0x0000008b93300000,0x0000008b93400000)]
  0x000001e1863faa30 JavaThread "C2 CompilerThread1" daemon [_thread_in_native, id=19848, stack(0x0000008b93400000,0x0000008b93500000)]
=>0x000001e1896eb010 JavaThread "C2 CompilerThread2" daemon [_thread_in_native, id=20884, stack(0x0000008b93500000,0x0000008b93600000)]

Other Threads:
  0x000001e1feeeaa60 VMThread "VM Thread" [stack: 0x0000008b92700000,0x0000008b92800000] [id=12740]
  0x000001e1ff9093e0 WatcherThread [stack: 0x0000008b93200000,0x0000008b93300000] [id=20384]
  0x000001e1e22ff420 GCTaskThread "GC Thread#0" [stack: 0x0000008b92200000,0x0000008b92300000] [id=12984]
  0x000001e1ff9decf0 GCTaskThread "GC Thread#1" [stack: 0x0000008b93600000,0x0000008b93700000] [id=3728]
  0x000001e1867566d0 GCTaskThread "GC Thread#2" [stack: 0x0000008b93700000,0x0000008b93800000] [id=17124]
  0x000001e1867569e0 GCTaskThread "GC Thread#3" [stack: 0x0000008b93800000,0x0000008b93900000] [id=20512]
  0x000001e1863f9720 GCTaskThread "GC Thread#4" [stack: 0x0000008b93900000,0x0000008b93a00000] [id=9276]
  0x000001e1863f9a30 GCTaskThread "GC Thread#5" [stack: 0x0000008b93a00000,0x0000008b93b00000] [id=6684]
  0x000001e1865cf860 GCTaskThread "GC Thread#6" [stack: 0x0000008b93b00000,0x0000008b93c00000] [id=1148]
  0x000001e186920190 GCTaskThread "GC Thread#7" [stack: 0x0000008b93c00000,0x0000008b93d00000] [id=7180]
  0x000001e1e2310230 ConcurrentGCThread "G1 Main Marker" [stack: 0x0000008b92300000,0x0000008b92400000] [id=20896]
  0x000001e1e2311440 ConcurrentGCThread "G1 Conc#0" [stack: 0x0000008b92400000,0x0000008b92500000] [id=10016]
  0x000001e1e23869a0 ConcurrentGCThread "G1 Refine#0" [stack: 0x0000008b92500000,0x0000008b92600000] [id=8652]
  0x000001e1e2387420 ConcurrentGCThread "G1 Service" [stack: 0x0000008b92600000,0x0000008b92700000] [id=4560]

Threads with active compile tasks:
C2 CompilerThread0     8408 4216       4       jdk.internal.module.SystemModuleFinders$SystemModuleReader::find (54 bytes)
C2 CompilerThread1     8409 4254 %     4       sun.nio.fs.WindowsPathParser::normalize @ 18 (233 bytes)
C2 CompilerThread2     8409 4012       4       org.apache.maven.model.inheritance.DefaultInheritanceAssembler$InheritanceModelMerger::mergePluginContainer_Plugins (430 bytes)

VM state: not at safepoint (normal execution)

VM Mutex/Monitor currently owned by a thread: None

Heap address: 0x0000000702200000, size: 4062 MB, Compressed Oops mode: Zero based, Oop shift amount: 3

CDS archive(s) mapped at: [0x0000000800000000-0x0000000800bb0000-0x0000000800bb0000), size 12255232, SharedBaseAddress: 0x0000000800000000, ArchiveRelocationMode: 0.
Compressed class space mapped at: 0x0000000800c00000-0x0000000840c00000, reserved size: 1073741824
Narrow klass base: 0x0000000800000000, Narrow klass shift: 3, Narrow klass range: 0x100000000

GC Precious Log:
 CPUs: 8 total, 8 available
 Memory: 16244M
 Large Page Support: Disabled
 NUMA Support: Disabled
 Compressed Oops: Enabled (Zero based)
 Heap Region Size: 2M
 Heap Min Capacity: 8M
 Heap Initial Capacity: 254M
 Heap Max Capacity: 4062M
 Pre-touch: Disabled
 Parallel Workers: 8
 Concurrent Workers: 2
 Concurrent Refinement Workers: 8
 Periodic GC: Disabled

Heap:
 garbage-first heap   total 260096K, used 99398K [0x0000000702200000, 0x0000000800000000)
  region size 2048K, 49 young (100352K), 10 survivors (20480K)
 Metaspace       used 16850K, committed 17152K, reserved 1064960K
  class space    used 1805K, committed 1984K, reserved 1048576K

Heap Regions: E=young(eden), S=young(survivor), O=old, HS=humongous(starts), HC=humongous(continues), CS=collection set, F=free, OA=open archive, CA=closed archive, TAMS=top-at-mark-start (previous, next)
|   0|0x0000000702200000, 0x0000000702400000, 0x0000000702400000|100%| O|  |TAMS 0x0000000702200000, 0x0000000702200000| Untracked 
|   1|0x0000000702400000, 0x000000070257c000, 0x0000000702600000| 74%| O|  |TAMS 0x0000000702400000, 0x0000000702400000| Untracked 
|   2|0x0000000702600000, 0x0000000702600000, 0x0000000702800000|  0%| F|  |TAMS 0x0000000702600000, 0x0000000702600000| Untracked 
|   3|0x0000000702800000, 0x0000000702800000, 0x0000000702a00000|  0%| F|  |TAMS 0x0000000702800000, 0x0000000702800000| Untracked 
|   4|0x0000000702a00000, 0x0000000702a00000, 0x0000000702c00000|  0%| F|  |TAMS 0x0000000702a00000, 0x0000000702a00000| Untracked 
|   5|0x0000000702c00000, 0x0000000702c00000, 0x0000000702e00000|  0%| F|  |TAMS 0x0000000702c00000, 0x0000000702c00000| Untracked 
|   6|0x0000000702e00000, 0x0000000702e00000, 0x0000000703000000|  0%| F|  |TAMS 0x0000000702e00000, 0x0000000702e00000| Untracked 
|   7|0x0000000703000000, 0x0000000703000000, 0x0000000703200000|  0%| F|  |TAMS 0x0000000703000000, 0x0000000703000000| Untracked 
|   8|0x0000000703200000, 0x0000000703200000, 0x0000000703400000|  0%| F|  |TAMS 0x0000000703200000, 0x0000000703200000| Untracked 
|   9|0x0000000703400000, 0x0000000703400000, 0x0000000703600000|  0%| F|  |TAMS 0x0000000703400000, 0x0000000703400000| Untracked 
|  10|0x0000000703600000, 0x0000000703600000, 0x0000000703800000|  0%| F|  |TAMS 0x0000000703600000, 0x0000000703600000| Untracked 
|  11|0x0000000703800000, 0x0000000703800000, 0x0000000703a00000|  0%| F|  |TAMS 0x0000000703800000, 0x0000000703800000| Untracked 
|  12|0x0000000703a00000, 0x0000000703a00000, 0x0000000703c00000|  0%| F|  |TAMS 0x0000000703a00000, 0x0000000703a00000| Untracked 
|  13|0x0000000703c00000, 0x0000000703c00000, 0x0000000703e00000|  0%| F|  |TAMS 0x0000000703c00000, 0x0000000703c00000| Untracked 
|  14|0x0000000703e00000, 0x0000000703e00000, 0x0000000704000000|  0%| F|  |TAMS 0x0000000703e00000, 0x0000000703e00000| Untracked 
|  15|0x0000000704000000, 0x0000000704000000, 0x0000000704200000|  0%| F|  |TAMS 0x0000000704000000, 0x0000000704000000| Untracked 
|  16|0x0000000704200000, 0x0000000704200000, 0x0000000704400000|  0%| F|  |TAMS 0x0000000704200000, 0x0000000704200000| Untracked 
|  17|0x0000000704400000, 0x0000000704400000, 0x0000000704600000|  0%| F|  |TAMS 0x0000000704400000, 0x0000000704400000| Untracked 
|  18|0x0000000704600000, 0x0000000704600000, 0x0000000704800000|  0%| F|  |TAMS 0x0000000704600000, 0x0000000704600000| Untracked 
|  19|0x0000000704800000, 0x0000000704800000, 0x0000000704a00000|  0%| F|  |TAMS 0x0000000704800000, 0x0000000704800000| Untracked 
|  20|0x0000000704a00000, 0x0000000704a00000, 0x0000000704c00000|  0%| F|  |TAMS 0x0000000704a00000, 0x0000000704a00000| Untracked 
|  21|0x0000000704c00000, 0x0000000704c00000, 0x0000000704e00000|  0%| F|  |TAMS 0x0000000704c00000, 0x0000000704c00000| Untracked 
|  22|0x0000000704e00000, 0x0000000704e00000, 0x0000000705000000|  0%| F|  |TAMS 0x0000000704e00000, 0x0000000704e00000| Untracked 
|  23|0x0000000705000000, 0x0000000705000000, 0x0000000705200000|  0%| F|  |TAMS 0x0000000705000000, 0x0000000705000000| Untracked 
|  24|0x0000000705200000, 0x0000000705200000, 0x0000000705400000|  0%| F|  |TAMS 0x0000000705200000, 0x0000000705200000| Untracked 
|  25|0x0000000705400000, 0x0000000705400000, 0x0000000705600000|  0%| F|  |TAMS 0x0000000705400000, 0x0000000705400000| Untracked 
|  26|0x0000000705600000, 0x0000000705600000, 0x0000000705800000|  0%| F|  |TAMS 0x0000000705600000, 0x0000000705600000| Untracked 
|  27|0x0000000705800000, 0x0000000705800000, 0x0000000705a00000|  0%| F|  |TAMS 0x0000000705800000, 0x0000000705800000| Untracked 
|  28|0x0000000705a00000, 0x0000000705a00000, 0x0000000705c00000|  0%| F|  |TAMS 0x0000000705a00000, 0x0000000705a00000| Untracked 
|  29|0x0000000705c00000, 0x0000000705c00000, 0x0000000705e00000|  0%| F|  |TAMS 0x0000000705c00000, 0x0000000705c00000| Untracked 
|  30|0x0000000705e00000, 0x0000000705e00000, 0x0000000706000000|  0%| F|  |TAMS 0x0000000705e00000, 0x0000000705e00000| Untracked 
|  31|0x0000000706000000, 0x0000000706000000, 0x0000000706200000|  0%| F|  |TAMS 0x0000000706000000, 0x0000000706000000| Untracked 
|  32|0x0000000706200000, 0x0000000706200000, 0x0000000706400000|  0%| F|  |TAMS 0x0000000706200000, 0x0000000706200000| Untracked 
|  33|0x0000000706400000, 0x0000000706400000, 0x0000000706600000|  0%| F|  |TAMS 0x0000000706400000, 0x0000000706400000| Untracked 
|  34|0x0000000706600000, 0x0000000706600000, 0x0000000706800000|  0%| F|  |TAMS 0x0000000706600000, 0x0000000706600000| Untracked 
|  35|0x0000000706800000, 0x0000000706800000, 0x0000000706a00000|  0%| F|  |TAMS 0x0000000706800000, 0x0000000706800000| Untracked 
|  36|0x0000000706a00000, 0x0000000706a00000, 0x0000000706c00000|  0%| F|  |TAMS 0x0000000706a00000, 0x0000000706a00000| Untracked 
|  37|0x0000000706c00000, 0x0000000706c00000, 0x0000000706e00000|  0%| F|  |TAMS 0x0000000706c00000, 0x0000000706c00000| Untracked 
|  38|0x0000000706e00000, 0x0000000706e00000, 0x0000000707000000|  0%| F|  |TAMS 0x0000000706e00000, 0x0000000706e00000| Untracked 
|  39|0x0000000707000000, 0x0000000707000000, 0x0000000707200000|  0%| F|  |TAMS 0x0000000707000000, 0x0000000707000000| Untracked 
|  40|0x0000000707200000, 0x0000000707200000, 0x0000000707400000|  0%| F|  |TAMS 0x0000000707200000, 0x0000000707200000| Untracked 
|  41|0x0000000707400000, 0x00000007075959a8, 0x0000000707600000| 79%| S|CS|TAMS 0x0000000707400000, 0x0000000707400000| Complete 
|  42|0x0000000707600000, 0x0000000707800000, 0x0000000707800000|100%| S|CS|TAMS 0x0000000707600000, 0x0000000707600000| Complete 
|  43|0x0000000707800000, 0x0000000707a00000, 0x0000000707a00000|100%| S|CS|TAMS 0x0000000707800000, 0x0000000707800000| Complete 
|  44|0x0000000707a00000, 0x0000000707c00000, 0x0000000707c00000|100%| S|CS|TAMS 0x0000000707a00000, 0x0000000707a00000| Complete 
|  45|0x0000000707c00000, 0x0000000707e00000, 0x0000000707e00000|100%| S|CS|TAMS 0x0000000707c00000, 0x0000000707c00000| Complete 
|  46|0x0000000707e00000, 0x0000000708000000, 0x0000000708000000|100%| S|CS|TAMS 0x0000000707e00000, 0x0000000707e00000| Complete 
|  47|0x0000000708000000, 0x0000000708200000, 0x0000000708200000|100%| S|CS|TAMS 0x0000000708000000, 0x0000000708000000| Complete 
|  48|0x0000000708200000, 0x0000000708400000, 0x0000000708400000|100%| S|CS|TAMS 0x0000000708200000, 0x0000000708200000| Complete 
|  49|0x0000000708400000, 0x0000000708600000, 0x0000000708600000|100%| S|CS|TAMS 0x0000000708400000, 0x0000000708400000| Complete 
|  50|0x0000000708600000, 0x0000000708800000, 0x0000000708800000|100%| S|CS|TAMS 0x0000000708600000, 0x0000000708600000| Complete 
|  51|0x0000000708800000, 0x0000000708800000, 0x0000000708a00000|  0%| F|  |TAMS 0x0000000708800000, 0x0000000708800000| Untracked 
|  52|0x0000000708a00000, 0x0000000708a00000, 0x0000000708c00000|  0%| F|  |TAMS 0x0000000708a00000, 0x0000000708a00000| Untracked 
|  53|0x0000000708c00000, 0x0000000708c00000, 0x0000000708e00000|  0%| F|  |TAMS 0x0000000708c00000, 0x0000000708c00000| Untracked 
|  54|0x0000000708e00000, 0x0000000708e00000, 0x0000000709000000|  0%| F|  |TAMS 0x0000000708e00000, 0x0000000708e00000| Untracked 
|  55|0x0000000709000000, 0x0000000709000000, 0x0000000709200000|  0%| F|  |TAMS 0x0000000709000000, 0x0000000709000000| Untracked 
|  56|0x0000000709200000, 0x0000000709200000, 0x0000000709400000|  0%| F|  |TAMS 0x0000000709200000, 0x0000000709200000| Untracked 
|  57|0x0000000709400000, 0x0000000709400000, 0x0000000709600000|  0%| F|  |TAMS 0x0000000709400000, 0x0000000709400000| Untracked 
|  58|0x0000000709600000, 0x0000000709600000, 0x0000000709800000|  0%| F|  |TAMS 0x0000000709600000, 0x0000000709600000| Untracked 
|  59|0x0000000709800000, 0x0000000709800000, 0x0000000709a00000|  0%| F|  |TAMS 0x0000000709800000, 0x0000000709800000| Untracked 
|  60|0x0000000709a00000, 0x0000000709a00000, 0x0000000709c00000|  0%| F|  |TAMS 0x0000000709a00000, 0x0000000709a00000| Untracked 
|  61|0x0000000709c00000, 0x0000000709c00000, 0x0000000709e00000|  0%| F|  |TAMS 0x0000000709c00000, 0x0000000709c00000| Untracked 
|  62|0x0000000709e00000, 0x0000000709e00000, 0x000000070a000000|  0%| F|  |TAMS 0x0000000709e00000, 0x0000000709e00000| Untracked 
|  63|0x000000070a000000, 0x000000070a000000, 0x000000070a200000|  0%| F|  |TAMS 0x000000070a000000, 0x000000070a000000| Untracked 
|  64|0x000000070a200000, 0x000000070a200000, 0x000000070a400000|  0%| F|  |TAMS 0x000000070a200000, 0x000000070a200000| Untracked 
|  65|0x000000070a400000, 0x000000070a400000, 0x000000070a600000|  0%| F|  |TAMS 0x000000070a400000, 0x000000070a400000| Untracked 
|  66|0x000000070a600000, 0x000000070a600000, 0x000000070a800000|  0%| F|  |TAMS 0x000000070a600000, 0x000000070a600000| Untracked 
|  67|0x000000070a800000, 0x000000070a800000, 0x000000070aa00000|  0%| F|  |TAMS 0x000000070a800000, 0x000000070a800000| Untracked 
|  68|0x000000070aa00000, 0x000000070aa00000, 0x000000070ac00000|  0%| F|  |TAMS 0x000000070aa00000, 0x000000070aa00000| Untracked 
|  69|0x000000070ac00000, 0x000000070ac00000, 0x000000070ae00000|  0%| F|  |TAMS 0x000000070ac00000, 0x000000070ac00000| Untracked 
|  70|0x000000070ae00000, 0x000000070ae00000, 0x000000070b000000|  0%| F|  |TAMS 0x000000070ae00000, 0x000000070ae00000| Untracked 
|  71|0x000000070b000000, 0x000000070b000000, 0x000000070b200000|  0%| F|  |TAMS 0x000000070b000000, 0x000000070b000000| Untracked 
|  72|0x000000070b200000, 0x000000070b200000, 0x000000070b400000|  0%| F|  |TAMS 0x000000070b200000, 0x000000070b200000| Untracked 
|  73|0x000000070b400000, 0x000000070b400000, 0x000000070b600000|  0%| F|  |TAMS 0x000000070b400000, 0x000000070b400000| Untracked 
|  74|0x000000070b600000, 0x000000070b600000, 0x000000070b800000|  0%| F|  |TAMS 0x000000070b600000, 0x000000070b600000| Untracked 
|  75|0x000000070b800000, 0x000000070b800000, 0x000000070ba00000|  0%| F|  |TAMS 0x000000070b800000, 0x000000070b800000| Untracked 
|  76|0x000000070ba00000, 0x000000070ba00000, 0x000000070bc00000|  0%| F|  |TAMS 0x000000070ba00000, 0x000000070ba00000| Untracked 
|  77|0x000000070bc00000, 0x000000070bc00000, 0x000000070be00000|  0%| F|  |TAMS 0x000000070bc00000, 0x000000070bc00000| Untracked 
|  78|0x000000070be00000, 0x000000070be00000, 0x000000070c000000|  0%| F|  |TAMS 0x000000070be00000, 0x000000070be00000| Untracked 
|  79|0x000000070c000000, 0x000000070c000000, 0x000000070c200000|  0%| F|  |TAMS 0x000000070c000000, 0x000000070c000000| Untracked 
|  80|0x000000070c200000, 0x000000070c200000, 0x000000070c400000|  0%| F|  |TAMS 0x000000070c200000, 0x000000070c200000| Untracked 
|  81|0x000000070c400000, 0x000000070c400000, 0x000000070c600000|  0%| F|  |TAMS 0x000000070c400000, 0x000000070c400000| Untracked 
|  82|0x000000070c600000, 0x000000070c600000, 0x000000070c800000|  0%| F|  |TAMS 0x000000070c600000, 0x000000070c600000| Untracked 
|  83|0x000000070c800000, 0x000000070c800000, 0x000000070ca00000|  0%| F|  |TAMS 0x000000070c800000, 0x000000070c800000| Untracked 
|  84|0x000000070ca00000, 0x000000070ca00000, 0x000000070cc00000|  0%| F|  |TAMS 0x000000070ca00000, 0x000000070ca00000| Untracked 
|  85|0x000000070cc00000, 0x000000070cc00000, 0x000000070ce00000|  0%| F|  |TAMS 0x000000070cc00000, 0x000000070cc00000| Untracked 
|  86|0x000000070ce00000, 0x000000070ce00000, 0x000000070d000000|  0%| F|  |TAMS 0x000000070ce00000, 0x000000070ce00000| Untracked 
|  87|0x000000070d000000, 0x000000070d000000, 0x000000070d200000|  0%| F|  |TAMS 0x000000070d000000, 0x000000070d000000| Untracked 
|  88|0x000000070d200000, 0x000000070d300800, 0x000000070d400000| 50%| E|  |TAMS 0x000000070d200000, 0x000000070d200000| Complete 
|  89|0x000000070d400000, 0x000000070d600000, 0x000000070d600000|100%| E|CS|TAMS 0x000000070d400000, 0x000000070d400000| Complete 
|  90|0x000000070d600000, 0x000000070d800000, 0x000000070d800000|100%| E|CS|TAMS 0x000000070d600000, 0x000000070d600000| Complete 
|  91|0x000000070d800000, 0x000000070da00000, 0x000000070da00000|100%| E|CS|TAMS 0x000000070d800000, 0x000000070d800000| Complete 
|  92|0x000000070da00000, 0x000000070dc00000, 0x000000070dc00000|100%| E|CS|TAMS 0x000000070da00000, 0x000000070da00000| Complete 
|  93|0x000000070dc00000, 0x000000070de00000, 0x000000070de00000|100%| E|CS|TAMS 0x000000070dc00000, 0x000000070dc00000| Complete 
|  94|0x000000070de00000, 0x000000070e000000, 0x000000070e000000|100%| E|  |TAMS 0x000000070de00000, 0x000000070de00000| Complete 
|  95|0x000000070e000000, 0x000000070e200000, 0x000000070e200000|100%| E|CS|TAMS 0x000000070e000000, 0x000000070e000000| Complete 
|  96|0x000000070e200000, 0x000000070e400000, 0x000000070e400000|100%| E|CS|TAMS 0x000000070e200000, 0x000000070e200000| Complete 
|  97|0x000000070e400000, 0x000000070e600000, 0x000000070e600000|100%| E|CS|TAMS 0x000000070e400000, 0x000000070e400000| Complete 
|  98|0x000000070e600000, 0x000000070e800000, 0x000000070e800000|100%| E|CS|TAMS 0x000000070e600000, 0x000000070e600000| Complete 
|  99|0x000000070e800000, 0x000000070ea00000, 0x000000070ea00000|100%| E|CS|TAMS 0x000000070e800000, 0x000000070e800000| Complete 
| 100|0x000000070ea00000, 0x000000070ec00000, 0x000000070ec00000|100%| E|CS|TAMS 0x000000070ea00000, 0x000000070ea00000| Complete 
| 101|0x000000070ec00000, 0x000000070ee00000, 0x000000070ee00000|100%| E|CS|TAMS 0x000000070ec00000, 0x000000070ec00000| Complete 
| 102|0x000000070ee00000, 0x000000070f000000, 0x000000070f000000|100%| E|CS|TAMS 0x000000070ee00000, 0x000000070ee00000| Complete 
| 103|0x000000070f000000, 0x000000070f200000, 0x000000070f200000|100%| E|CS|TAMS 0x000000070f000000, 0x000000070f000000| Complete 
| 104|0x000000070f200000, 0x000000070f400000, 0x000000070f400000|100%| E|CS|TAMS 0x000000070f200000, 0x000000070f200000| Complete 
| 105|0x000000070f400000, 0x000000070f600000, 0x000000070f600000|100%| E|CS|TAMS 0x000000070f400000, 0x000000070f400000| Complete 
| 106|0x000000070f600000, 0x000000070f800000, 0x000000070f800000|100%| E|CS|TAMS 0x000000070f600000, 0x000000070f600000| Complete 
| 107|0x000000070f800000, 0x000000070fa00000, 0x000000070fa00000|100%| E|CS|TAMS 0x000000070f800000, 0x000000070f800000| Complete 
| 108|0x000000070fa00000, 0x000000070fc00000, 0x000000070fc00000|100%| E|CS|TAMS 0x000000070fa00000, 0x000000070fa00000| Complete 
| 109|0x000000070fc00000, 0x000000070fe00000, 0x000000070fe00000|100%| E|CS|TAMS 0x000000070fc00000, 0x000000070fc00000| Complete 
| 110|0x000000070fe00000, 0x0000000710000000, 0x0000000710000000|100%| E|CS|TAMS 0x000000070fe00000, 0x000000070fe00000| Complete 
| 111|0x0000000710000000, 0x0000000710200000, 0x0000000710200000|100%| E|CS|TAMS 0x0000000710000000, 0x0000000710000000| Complete 
| 112|0x0000000710200000, 0x0000000710400000, 0x0000000710400000|100%| E|CS|TAMS 0x0000000710200000, 0x0000000710200000| Complete 
| 113|0x0000000710400000, 0x0000000710600000, 0x0000000710600000|100%| E|CS|TAMS 0x0000000710400000, 0x0000000710400000| Complete 
| 114|0x0000000710600000, 0x0000000710800000, 0x0000000710800000|100%| E|CS|TAMS 0x0000000710600000, 0x0000000710600000| Complete 
| 115|0x0000000710800000, 0x0000000710a00000, 0x0000000710a00000|100%| E|CS|TAMS 0x0000000710800000, 0x0000000710800000| Complete 
| 116|0x0000000710a00000, 0x0000000710c00000, 0x0000000710c00000|100%| E|CS|TAMS 0x0000000710a00000, 0x0000000710a00000| Complete 
| 117|0x0000000710c00000, 0x0000000710e00000, 0x0000000710e00000|100%| E|CS|TAMS 0x0000000710c00000, 0x0000000710c00000| Complete 
| 118|0x0000000710e00000, 0x0000000711000000, 0x0000000711000000|100%| E|CS|TAMS 0x0000000710e00000, 0x0000000710e00000| Complete 
| 119|0x0000000711000000, 0x0000000711200000, 0x0000000711200000|100%| E|CS|TAMS 0x0000000711000000, 0x0000000711000000| Complete 
| 120|0x0000000711200000, 0x0000000711400000, 0x0000000711400000|100%| E|CS|TAMS 0x0000000711200000, 0x0000000711200000| Complete 
| 121|0x0000000711400000, 0x0000000711600000, 0x0000000711600000|100%| E|CS|TAMS 0x0000000711400000, 0x0000000711400000| Complete 
| 122|0x0000000711600000, 0x0000000711800000, 0x0000000711800000|100%| E|CS|TAMS 0x0000000711600000, 0x0000000711600000| Complete 
| 123|0x0000000711800000, 0x0000000711a00000, 0x0000000711a00000|100%| E|CS|TAMS 0x0000000711800000, 0x0000000711800000| Complete 
| 124|0x0000000711a00000, 0x0000000711c00000, 0x0000000711c00000|100%| E|CS|TAMS 0x0000000711a00000, 0x0000000711a00000| Complete 
| 125|0x0000000711c00000, 0x0000000711e00000, 0x0000000711e00000|100%| E|CS|TAMS 0x0000000711c00000, 0x0000000711c00000| Complete 
| 126|0x0000000711e00000, 0x0000000712000000, 0x0000000712000000|100%| E|CS|TAMS 0x0000000711e00000, 0x0000000711e00000| Complete 

Card table byte_map: [0x000001e1f9550000,0x000001e1f9d40000] _byte_map_base: 0x000001e1f5d3f000

Marking Bits (Prev, Next): (CMBitMap*) 0x000001e1e22ffa90, (CMBitMap*) 0x000001e1e22ffad0
 Prev Bits: [0x000001e1fa530000, 0x000001e1fe4a8000)
 Next Bits: [0x000001e180000000, 0x000001e183f78000)

Polling page: 0x000001e1e1a90000

Metaspace:

Usage:
  Non-class:     14.69 MB used.
      Class:      1.76 MB used.
       Both:     16.46 MB used.

Virtual space:
  Non-class space:       16.00 MB reserved,      14.81 MB ( 93%) committed,  2 nodes.
      Class space:        1.00 GB reserved,       1.94 MB ( <1%) committed,  1 nodes.
              Both:        1.02 GB reserved,      16.75 MB (  2%) committed. 

Chunk freelists:
   Non-Class:  576.00 KB
       Class:  2.06 MB
        Both:  2.62 MB

MaxMetaspaceSize: 17179869184.00 GB
CompressedClassSpaceSize: 1.00 GB
 - commit_granule_bytes: 65536.
 - commit_granule_words: 8192.
 - virtual_space_node_default_size: 1048576.
 - enlarge_chunks_in_place: 1.
 - new_chunks_are_fully_committed: 0.
 - uncommit_free_chunks: 1.
 - use_allocation_guard: 0.
 - handle_deallocations: 1.


Internal statistics:

num_allocs_failed_limit: 0.
num_arena_births: 92.
num_arena_deaths: 0.
num_vsnodes_births: 3.
num_vsnodes_deaths: 0.
num_space_committed: 268.
num_space_uncommitted: 0.
num_chunks_returned_to_freelist: 0.
num_chunks_taken_from_freelist: 676.
num_chunk_merges: 0.
num_chunk_splits: 482.
num_chunks_enlarged: 383.
num_purges: 0.

CodeHeap 'non-profiled nmethods': size=120000Kb used=2792Kb max_used=2792Kb free=117207Kb
 bounds [0x000001e1f1500000, 0x000001e1f17c0000, 0x000001e1f8a30000]
CodeHeap 'profiled nmethods': size=120000Kb used=9469Kb max_used=9469Kb free=110530Kb
 bounds [0x000001e1e9fd0000, 0x000001e1ea910000, 0x000001e1f1500000]
CodeHeap 'non-nmethods': size=5760Kb used=1208Kb max_used=1298Kb free=4551Kb
 bounds [0x000001e1e9a30000, 0x000001e1e9ca0000, 0x000001e1e9fd0000]
 total_blobs=4753 nmethods=4252 adapters=413
 compilation: enabled
              stopped_count=0, restarted_count=0
 full_count=0

Compilation events (20 events):
Event: 8.246 Thread 0x000001e1fef1afe0 4232       3       sun.nio.fs.WindowsFileAttributeViews$Basic::<init> (15 bytes)
Event: 8.246 Thread 0x000001e1fef1afe0 nmethod 4232 0x000001e1ea8f9490 code [0x000001e1ea8f9640, 0x000001e1ea8f9878]
Event: 8.251 Thread 0x000001e1fef1afe0 4233       3       java.lang.Math::min (46 bytes)
Event: 8.251 Thread 0x000001e1fef1afe0 nmethod 4233 0x000001e1ea8f9990 code [0x000001e1ea8f9b40, 0x000001e1ea8f9e98]
Event: 8.257 Thread 0x000001e1fef1afe0 4234       3       java.net.URI$Parser::checkChars (44 bytes)
Event: 8.257 Thread 0x000001e1fef1afe0 nmethod 4234 0x000001e1ea8f9f10 code [0x000001e1ea8fa140, 0x000001e1ea8fa788]
Event: 8.259 Thread 0x000001e1fef1afe0 4235       3       java.nio.file.Files::readAttributes (11 bytes)
Event: 8.259 Thread 0x000001e1fef1afe0 nmethod 4235 0x000001e1ea8faa10 code [0x000001e1ea8fabe0, 0x000001e1ea8fae68]
Event: 8.262 Thread 0x000001e1fef1afe0 4236       3       java.lang.invoke.DirectMethodHandle$Holder::newInvokeSpecial (21 bytes)
Event: 8.262 Thread 0x000001e1fef1afe0 nmethod 4236 0x000001e1ea8fb010 code [0x000001e1ea8fb200, 0x000001e1ea8fba08]
Event: 8.267 Thread 0x000001e1fef1afe0 4237       3       java.util.jar.JarFile::getManEntry (39 bytes)
Event: 8.268 Thread 0x000001e1fef1afe0 nmethod 4237 0x000001e1ea8fbc10 code [0x000001e1ea8fbde0, 0x000001e1ea8fc1b8]
Event: 8.268 Thread 0x000001e1fef1afe0 4238       3       java.util.jar.Manifest$FastInputStream::fill (38 bytes)
Event: 8.268 Thread 0x000001e1fef1afe0 nmethod 4238 0x000001e1ea8fc310 code [0x000001e1ea8fc4c0, 0x000001e1ea8fc708]
Event: 8.271 Thread 0x000001e1fef1afe0 4239       3       sun.nio.fs.WindowsPath::isAbsolute (26 bytes)
Event: 8.271 Thread 0x000001e1fef1afe0 nmethod 4239 0x000001e1ea8fc810 code [0x000001e1ea8fc9c0, 0x000001e1ea8fcb78]
Event: 8.273 Thread 0x000001e1fef1afe0 4240       3       sun.nio.fs.WindowsPath::getNameCount (10 bytes)
Event: 8.273 Thread 0x000001e1fef1afe0 nmethod 4240 0x000001e1ea8fcc10 code [0x000001e1ea8fcdc0, 0x000001e1ea8fcf08]
Event: 8.276 Thread 0x000001e1fef1afe0 4242       3       sun.nio.fs.WindowsFileAttributes::isSymbolicLink (15 bytes)
Event: 8.276 Thread 0x000001e1fef1afe0 nmethod 4242 0x000001e1ea8fd010 code [0x000001e1ea8fd1a0, 0x000001e1ea8fd318]

GC Heap History (6 events):
Event: 0.850 GC heap before
{Heap before GC invocations=0 (full 0):
 garbage-first heap   total 260096K, used 22528K [0x0000000702200000, 0x0000000800000000)
  region size 2048K, 11 young (22528K), 0 survivors (0K)
 Metaspace       used 4869K, committed 5056K, reserved 1056768K
  class space    used 550K, committed 640K, reserved 1048576K
}
Event: 0.866 GC heap after
{Heap after GC invocations=1 (full 0):
 garbage-first heap   total 260096K, used 3765K [0x0000000702200000, 0x0000000800000000)
  region size 2048K, 2 young (4096K), 2 survivors (4096K)
 Metaspace       used 4869K, committed 5056K, reserved 1056768K
  class space    used 550K, committed 640K, reserved 1048576K
}
Event: 1.619 GC heap before
{Heap before GC invocations=1 (full 0):
 garbage-first heap   total 260096K, used 32437K [0x0000000702200000, 0x0000000800000000)
  region size 2048K, 16 young (32768K), 2 survivors (4096K)
 Metaspace       used 8853K, committed 8960K, reserved 1064960K
  class space    used 1046K, committed 1088K, reserved 1048576K
}
Event: 1.624 GC heap after
{Heap after GC invocations=2 (full 0):
 garbage-first heap   total 260096K, used 5216K [0x0000000702200000, 0x0000000800000000)
  region size 2048K, 1 young (2048K), 1 survivors (2048K)
 Metaspace       used 8853K, committed 8960K, reserved 1064960K
  class space    used 1046K, committed 1088K, reserved 1048576K
}
Event: 7.002 GC heap before
{Heap before GC invocations=2 (full 0):
 garbage-first heap   total 260096K, used 158816K [0x0000000702200000, 0x0000000800000000)
  region size 2048K, 76 young (155648K), 1 survivors (2048K)
 Metaspace       used 13761K, committed 13888K, reserved 1064960K
  class space    used 1465K, committed 1536K, reserved 1048576K
}
Event: 7.020 GC heap after
{Heap after GC invocations=3 (full 0):
 garbage-first heap   total 260096K, used 23622K [0x0000000702200000, 0x0000000800000000)
  region size 2048K, 10 young (20480K), 10 survivors (20480K)
 Metaspace       used 13761K, committed 13888K, reserved 1064960K
  class space    used 1465K, committed 1536K, reserved 1048576K
}

Deoptimization events (20 events):
Event: 7.907 Thread 0x000001e1e22ae320 Uncommon trap: trap_request=0x000001ae fr.pc=0x000001e1f152bd34 relative=0x0000000000000254
Event: 7.907 Thread 0x000001e1e22ae320 Uncommon trap: reason=unloaded action=reinterpret pc=0x000001e1f152bd34 method=java.util.jar.JarFile.checkForSpecialAttributes()V @ 99 c2
Event: 7.907 Thread 0x000001e1e22ae320 DEOPT PACKING pc=0x000001e1f152bd34 sp=0x0000008b921fcbf0
Event: 7.907 Thread 0x000001e1e22ae320 DEOPT UNPACKING pc=0x000001e1e9a7d72e sp=0x0000008b921fcb88 mode 2
Event: 7.912 Thread 0x000001e1e22ae320 Uncommon trap: trap_request=0xffffff45 fr.pc=0x000001e1f1539290 relative=0x0000000000000a90
Event: 7.912 Thread 0x000001e1e22ae320 Uncommon trap: reason=unstable_if action=reinterpret pc=0x000001e1f1539290 method=java.util.jar.JarFile.isMultiRelease()Z @ 4 c2
Event: 7.912 Thread 0x000001e1e22ae320 DEOPT PACKING pc=0x000001e1f1539290 sp=0x0000008b921fc760
Event: 7.912 Thread 0x000001e1e22ae320 DEOPT UNPACKING pc=0x000001e1e9a7d72e sp=0x0000008b921fc608 mode 2
Event: 7.926 Thread 0x000001e1e22ae320 Uncommon trap: trap_request=0xffffffbe fr.pc=0x000001e1f1772af4 relative=0x00000000000001d4
Event: 7.926 Thread 0x000001e1e22ae320 Uncommon trap: reason=profile_predicate action=maybe_recompile pc=0x000001e1f1772af4 method=java.util.LinkedHashMap.valuesToArray([Ljava/lang/Object;)[Ljava/lang/Object; @ 12 c2
Event: 7.926 Thread 0x000001e1e22ae320 DEOPT PACKING pc=0x000001e1f1772af4 sp=0x0000008b921fc940
Event: 7.926 Thread 0x000001e1e22ae320 DEOPT UNPACKING pc=0x000001e1e9a7d72e sp=0x0000008b921fc8f8 mode 2
Event: 7.978 Thread 0x000001e1e22ae320 Uncommon trap: trap_request=0xffffffde fr.pc=0x000001e1f16dfb38 relative=0x00000000000002d8
Event: 7.978 Thread 0x000001e1e22ae320 Uncommon trap: reason=class_check action=maybe_recompile pc=0x000001e1f16dfb38 method=org.eclipse.sisu.wire.EntryListAdapter$ValueIterator.next()Ljava/lang/Object; @ 4 c2
Event: 7.978 Thread 0x000001e1e22ae320 DEOPT PACKING pc=0x000001e1f16dfb38 sp=0x0000008b921fd960
Event: 7.978 Thread 0x000001e1e22ae320 DEOPT UNPACKING pc=0x000001e1e9a7d72e sp=0x0000008b921fd930 mode 2
Event: 8.056 Thread 0x000001e1e22ae320 Uncommon trap: trap_request=0xffffff45 fr.pc=0x000001e1f1551dc8 relative=0x00000000000000a8
Event: 8.056 Thread 0x000001e1e22ae320 Uncommon trap: reason=unstable_if action=reinterpret pc=0x000001e1f1551dc8 method=java.nio.Buffer.limit(I)Ljava/nio/Buffer; @ 42 c2
Event: 8.056 Thread 0x000001e1e22ae320 DEOPT PACKING pc=0x000001e1f1551dc8 sp=0x0000008b921fce70
Event: 8.056 Thread 0x000001e1e22ae320 DEOPT UNPACKING pc=0x000001e1e9a7d72e sp=0x0000008b921fcdf8 mode 2

Classes unloaded (0 events):
No events

Classes redefined (0 events):
No events

Internal exceptions (20 events):
Event: 1.946 Thread 0x000001e1e22ae320 Exception <a 'java/lang/NoSuchMethodError'{0x000000071161f6c0}: 'java.lang.Object java.lang.invoke.DirectMethodHandle$Holder.invokeStatic(java.lang.Object)'> (0x000000071161f6c0) 
thrown [t:\workspace\open\src\hotspot\share\interpreter\linkResolver.cpp, line 790]
Event: 1.949 Thread 0x000001e1e22ae320 Exception <a 'java/lang/NoSuchMethodError'{0x000000071162a7c8}: 'java.lang.Object java.lang.invoke.DirectMethodHandle$Holder.invokeStaticInit(java.lang.Object, int, int, int, int)'> (0x000000071162a7c8) 
thrown [t:\workspace\open\src\hotspot\share\interpreter\linkResolver.cpp, line 790]
Event: 2.120 Thread 0x000001e1e22ae320 Implicit null exception at 0x000001e1f1523572 to 0x000001e1f1523b2c
Event: 2.120 Thread 0x000001e1e22ae320 Implicit null exception at 0x000001e1f1535672 to 0x000001e1f1535c4c
Event: 3.060 Thread 0x000001e1e22ae320 Implicit null exception at 0x000001e1f15cee80 to 0x000001e1f15d0480
Event: 3.060 Thread 0x000001e1e22ae320 Implicit null exception at 0x000001e1f159716f to 0x000001e1f1597348
Event: 3.060 Thread 0x000001e1e22ae320 Implicit null exception at 0x000001e1f15d9a40 to 0x000001e1f15da1ec
Event: 6.289 Thread 0x000001e1e22ae320 Implicit null exception at 0x000001e1f156086f to 0x000001e1f1560a4c
Event: 6.289 Thread 0x000001e1e22ae320 Implicit null exception at 0x000001e1f1595e2f to 0x000001e1f1595ead
Event: 6.587 Thread 0x000001e1e22ae320 Implicit null exception at 0x000001e1f16dc1c8 to 0x000001e1f16dcdb0
Event: 7.030 Thread 0x000001e1e22ae320 Implicit null exception at 0x000001e1f1706326 to 0x000001e1f17070d4
Event: 7.398 Thread 0x000001e1e22ae320 Implicit null exception at 0x000001e1f16bd220 to 0x000001e1f16bdbd0
Event: 8.181 Thread 0x000001e1e22ae320 Exception <a 'java/lang/NoSuchMethodError'{0x00000007101615b0}: 'java.lang.Object java.lang.invoke.DirectMethodHandle$Holder.invokeVirtual(java.lang.Object, java.lang.Object, java.lang.Object)'> (0x00000007101615b0) 
thrown [t:\workspace\open\src\hotspot\share\interpreter\linkResolver.cpp, line 790]
Event: 8.183 Thread 0x000001e1e22ae320 Exception <a 'java/lang/NoSuchMethodError'{0x00000007101697c8}: 'int java.lang.invoke.DirectMethodHandle$Holder.invokeInterface(java.lang.Object, java.lang.Object)'> (0x00000007101697c8) 
thrown [t:\workspace\open\src\hotspot\share\interpreter\linkResolver.cpp, line 790]
Event: 8.257 Thread 0x000001e1e22ae320 Exception <a 'sun/nio/fs/WindowsException'{0x000000070dfc8300}> (0x000000070dfc8300) 
thrown [t:\workspace\open\src\hotspot\share\prims\jni.cpp, line 579]
Event: 8.258 Thread 0x000001e1e22ae320 Exception <a 'sun/nio/fs/WindowsException'{0x000000070dfc8b30}> (0x000000070dfc8b30) 
thrown [t:\workspace\open\src\hotspot\share\prims\jni.cpp, line 579]
Event: 8.258 Thread 0x000001e1e22ae320 Exception <a 'sun/nio/fs/WindowsException'{0x000000070dfc93c8}> (0x000000070dfc93c8) 
thrown [t:\workspace\open\src\hotspot\share\prims\jni.cpp, line 579]
Event: 8.259 Thread 0x000001e1e22ae320 Exception <a 'sun/nio/fs/WindowsException'{0x000000070dfc9be0}> (0x000000070dfc9be0) 
thrown [t:\workspace\open\src\hotspot\share\prims\jni.cpp, line 579]
Event: 8.259 Thread 0x000001e1e22ae320 Exception <a 'sun/nio/fs/WindowsException'{0x000000070dfca2d8}> (0x000000070dfca2d8) 
thrown [t:\workspace\open\src\hotspot\share\prims\jni.cpp, line 579]
Event: 8.259 Thread 0x000001e1e22ae320 Exception <a 'sun/nio/fs/WindowsException'{0x000000070dfca9e0}> (0x000000070dfca9e0) 
thrown [t:\workspace\open\src\hotspot\share\prims\jni.cpp, line 579]

Events (20 events):
Event: 8.191 loading class jdk/internal/jrtfs/JrtFileSystemProvider
Event: 8.191 loading class jdk/internal/jrtfs/JrtFileSystemProvider done
Event: 8.191 loading class sun/net/www/protocol/jrt/JavaRuntimeURLConnection
Event: 8.191 loading class sun/net/www/protocol/jrt/JavaRuntimeURLConnection done
Event: 8.192 loading class sun/net/www/protocol/jrt/JavaRuntimeURLConnection$1
Event: 8.192 loading class sun/net/www/protocol/jrt/JavaRuntimeURLConnection$1 done
Event: 8.192 loading class jdk/internal/jimage/ImageBufferCache
Event: 8.192 loading class jdk/internal/jimage/ImageBufferCache done
Event: 8.192 loading class jdk/internal/jimage/ImageBufferCache$1
Event: 8.192 loading class jdk/internal/jimage/ImageBufferCache$1 done
Event: 8.193 loading class jdk/internal/jimage/ImageBufferCache$2
Event: 8.193 loading class jdk/internal/jimage/ImageBufferCache$2 done
Event: 8.193 loading class jdk/internal/jimage/ImageBufferCache$BufferReference
Event: 8.193 loading class jdk/internal/jimage/ImageBufferCache$BufferReference done
Event: 8.257 loading class sun/nio/fs/WindowsException
Event: 8.257 loading class sun/nio/fs/WindowsException done
Event: 8.257 loading class java/nio/file/NoSuchFileException
Event: 8.257 loading class java/nio/file/FileSystemException
Event: 8.258 loading class java/nio/file/FileSystemException done
Event: 8.258 loading class java/nio/file/NoSuchFileException done


Dynamic libraries:
0x00007ff63fe20000 - 0x00007ff63fe30000 	D:\Programming\Java\jdk-16.0.1\bin\java.exe
0x00007ffced930000 - 0x00007ffcedb25000 	C:\WINDOWS\SYSTEM32\ntdll.dll
0x00007ffceb9a0000 - 0x00007ffceba5d000 	C:\WINDOWS\System32\KERNEL32.DLL
0x00007ffceb610000 - 0x00007ffceb8d8000 	C:\WINDOWS\System32\KERNELBASE.dll
0x00007ffceb510000 - 0x00007ffceb610000 	C:\WINDOWS\System32\ucrtbase.dll
0x00007ffcdb080000 - 0x00007ffcdb099000 	D:\Programming\Java\jdk-16.0.1\bin\VCRUNTIME140.dll
0x00007ffcdb2b0000 - 0x00007ffcdb2c8000 	D:\Programming\Java\jdk-16.0.1\bin\jli.dll
0x00007ffced020000 - 0x00007ffced0cc000 	C:\WINDOWS\System32\ADVAPI32.dll
0x00007ffcecb80000 - 0x00007ffcecc1e000 	C:\WINDOWS\System32\msvcrt.dll
0x00007ffceccb0000 - 0x00007ffcecd4b000 	C:\WINDOWS\System32\sechost.dll
0x00007ffcec000000 - 0x00007ffcec12b000 	C:\WINDOWS\System32\RPCRT4.dll
0x00007ffcecdc0000 - 0x00007ffcecf60000 	C:\WINDOWS\System32\USER32.dll
0x00007ffceb1d0000 - 0x00007ffceb1f2000 	C:\WINDOWS\System32\win32u.dll
0x00007ffced7d0000 - 0x00007ffced7fa000 	C:\WINDOWS\System32\GDI32.dll
0x00007ffceb400000 - 0x00007ffceb50b000 	C:\WINDOWS\System32\gdi32full.dll
0x00007ffcd8790000 - 0x00007ffcd8a2a000 	C:\WINDOWS\WinSxS\amd64_microsoft.windows.common-controls_6595b64144ccf1df_6.0.19041.1052_none_60b8f8fd71f5e8cb\COMCTL32.dll
0x00007ffceb200000 - 0x00007ffceb29d000 	C:\WINDOWS\System32\msvcp_win.dll
0x00007ffcdc3d0000 - 0x00007ffcdc3da000 	C:\WINDOWS\SYSTEM32\VERSION.dll
0x00007ffcec380000 - 0x00007ffcec3b0000 	C:\WINDOWS\System32\IMM32.DLL
0x00007ffce6740000 - 0x00007ffce674c000 	D:\Programming\Java\jdk-16.0.1\bin\vcruntime140_1.dll
0x00007ffcc6e70000 - 0x00007ffcc6f01000 	D:\Programming\Java\jdk-16.0.1\bin\msvcp140.dll
0x00007ffcb1e50000 - 0x00007ffcb29fb000 	D:\Programming\Java\jdk-16.0.1\bin\server\jvm.dll
0x00007ffcecc20000 - 0x00007ffcecc28000 	C:\WINDOWS\System32\PSAPI.DLL
0x00007ffce97e0000 - 0x00007ffce97e9000 	C:\WINDOWS\SYSTEM32\WSOCK32.dll
0x00007ffcebf90000 - 0x00007ffcebffb000 	C:\WINDOWS\System32\WS2_32.dll
0x00007ffcdc300000 - 0x00007ffcdc327000 	C:\WINDOWS\SYSTEM32\WINMM.dll
0x00007ffce9950000 - 0x00007ffce9962000 	C:\WINDOWS\SYSTEM32\kernel.appcore.dll
0x00007ffce2b60000 - 0x00007ffce2b6a000 	D:\Programming\Java\jdk-16.0.1\bin\jimage.dll
0x00007ffce95d0000 - 0x00007ffce97b4000 	C:\WINDOWS\SYSTEM32\DBGHELP.DLL
0x00007ffcd7600000 - 0x00007ffcd762c000 	C:\WINDOWS\SYSTEM32\dbgcore.DLL
0x00007ffceb8e0000 - 0x00007ffceb963000 	C:\WINDOWS\System32\bcryptPrimitives.dll
0x00007ffcd3180000 - 0x00007ffcd31a5000 	D:\Programming\Java\jdk-16.0.1\bin\java.dll
0x00007ffcec440000 - 0x00007ffcecb7f000 	C:\WINDOWS\System32\SHELL32.dll
0x00007ffce8d80000 - 0x00007ffce9510000 	C:\WINDOWS\SYSTEM32\windows.storage.dll
0x00007ffceba60000 - 0x00007ffcebdb5000 	C:\WINDOWS\System32\combase.dll
0x00007ffceaa10000 - 0x00007ffceaa3c000 	C:\WINDOWS\SYSTEM32\Wldp.dll
0x00007ffcebee0000 - 0x00007ffcebf8e000 	C:\WINDOWS\System32\SHCORE.dll
0x00007ffcebdd0000 - 0x00007ffcebe25000 	C:\WINDOWS\System32\shlwapi.dll
0x00007ffceafb0000 - 0x00007ffceafcf000 	C:\WINDOWS\SYSTEM32\profapi.dll
0x00007ffcd5430000 - 0x00007ffcd5449000 	D:\Programming\Java\jdk-16.0.1\bin\net.dll
0x00007ffce1d00000 - 0x00007ffce1e0b000 	C:\WINDOWS\SYSTEM32\WINHTTP.dll
0x00007ffcea780000 - 0x00007ffcea7ea000 	C:\WINDOWS\system32\mswsock.dll
0x00007ffcd30d0000 - 0x00007ffcd30e3000 	D:\Programming\Java\jdk-16.0.1\bin\nio.dll
0x00007ffcd2630000 - 0x00007ffcd2648000 	D:\Programming\Java\jdk-16.0.1\bin\zip.dll
0x00007ffcdb190000 - 0x00007ffcdb1a0000 	D:\Programming\Java\jdk-16.0.1\bin\verify.dll
0x00007ffce2ea0000 - 0x00007ffce2eaa000 	D:\Programming\apache-maven-3.8.1\lib\jansi-native\windows64\jansi.dll

dbghelp: loaded successfully - version: 4.0.5 - missing functions: none
symbol engine: initialized successfully - sym options: 0x614 - pdb path: .;D:\Programming\Java\jdk-16.0.1\bin;C:\WINDOWS\SYSTEM32;C:\WINDOWS\WinSxS\amd64_microsoft.windows.common-controls_6595b64144ccf1df_6.0.19041.1052_none_60b8f8fd71f5e8cb;D:\Programming\Java\jdk-16.0.1\bin\server;D:\Programming\apache-maven-3.8.1\lib\jansi-native\windows64

VM Arguments:
jvm_args: -Dclassworlds.conf=D:\Programming\apache-maven-3.8.1\bin\..\bin\m2.conf -Dmaven.home=D:\Programming\apache-maven-3.8.1\bin\.. -Dlibrary.jansi.path=D:\Programming\apache-maven-3.8.1\bin\..\lib\jansi-native -Dmaven.multiModuleProjectDirectory=D:\Programming\Project\taxiservice\Driving 
java_command: org.codehaus.plexus.classworlds.launcher.Launcher spring-boot:run
java_class_path (initial): D:\Programming\apache-maven-3.8.1\bin\..\boot\plexus-classworlds-2.6.0.jar
Launcher Type: SUN_STANDARD

[Global flags]
     intx CICompilerCount                          = 4                                         {product} {ergonomic}
     uint ConcGCThreads                            = 2                                         {product} {ergonomic}
     uint G1ConcRefinementThreads                  = 8                                         {product} {ergonomic}
   size_t G1HeapRegionSize                         = 2097152                                   {product} {ergonomic}
    uintx GCDrainStackTargetSize                   = 64                                        {product} {ergonomic}
   size_t InitialHeapSize                          = 266338304                                 {product} {ergonomic}
   size_t MarkStackSize                            = 4194304                                   {product} {ergonomic}
   size_t MaxHeapSize                              = 4259315712                                {product} {ergonomic}
   size_t MaxNewSize                               = 2554331136                                {product} {ergonomic}
   size_t MinHeapDeltaBytes                        = 2097152                                   {product} {ergonomic}
   size_t MinHeapSize                              = 8388608                                   {product} {ergonomic}
    uintx NonNMethodCodeHeapSize                   = 5839372                                {pd product} {ergonomic}
    uintx NonProfiledCodeHeapSize                  = 122909434                              {pd product} {ergonomic}
    uintx ProfiledCodeHeapSize                     = 122909434                              {pd product} {ergonomic}
    uintx ReservedCodeCacheSize                    = 251658240                              {pd product} {ergonomic}
     bool SegmentedCodeCache                       = true                                      {product} {ergonomic}
   size_t SoftMaxHeapSize                          = 4259315712                             {manageable} {ergonomic}
     bool UseCompressedClassPointers               = true                           {product lp64_product} {ergonomic}
     bool UseCompressedOops                        = true                           {product lp64_product} {ergonomic}
     bool UseG1GC                                  = true                                      {product} {ergonomic}
     bool UseLargePagesIndividualAllocation        = false                                  {pd product} {ergonomic}

Logging:
Log output configuration:
 #0: stdout all=warning uptime,level,tags
 #1: stderr all=off uptime,level,tags

Environment Variables:
JAVA_HOME=D:\Programming\Java\jdk-16.0.1
PATH=C:\Program Files\Common Files\Oracle\Java\javapath;C:\Program Files (x86)\Intel\iCLS Client\;C:\Program Files\Intel\iCLS Client\;C:\Windows\system32;C:\Windows;C:\Windows\System32\Wbem;C:\Windows\System32\WindowsPowerShell\v1.0\;C:\Program Files (x86)\NVIDIA Corporation\PhysX\Common;C:\Program Files (x86)\Intel\Intel(R) Management Engine Components\DAL;C:\Program Files\Intel\Intel(R) Management Engine Components\DAL;C:\Program Files (x86)\Intel\Intel(R) Management Engine Components\IPT;C:\Program Files\Intel\Intel(R) Management Engine Components\IPT;C:\WINDOWS\system32;C:\WINDOWS;C:\WINDOWS\System32\Wbem;C:\WINDOWS\System32\WindowsPowerShell\v1.0\;C:\Program Files\Intel\WiFi\bin\;C:\Program Files\Common Files\Intel\WirelessCommon\;C:\WINDOWS\System32\OpenSSH\;C:\Program Files\NVIDIA Corporation\NVIDIA NvDLISR;C:\WINDOWS\system32;C:\WINDOWS;C:\WINDOWS\System32\Wbem;C:\WINDOWS\System32\WindowsPowerShell\v1.0\;C:\WINDOWS\System32\OpenSSH\;D:\Program Files (x86)\Python\Python39\Scripts;C:\Program Files\Amazon\AWSCLI\;D:\Programming\Java\jdk-16.0.1\bin\;D:\Programming\Microsoft VS Code\bin;D:\Programming\apache-maven-3.8.1\bin;C:\Program Files\Git\cmd;C:\Program Files\Docker\Docker\resources\bin;C:\ProgramData\DockerDesktop\version-bin;D:\Programming\mongoDB\bin;D:\Program Files (x86)\Python\Python39\Scripts\;D:\Program Files (x86)\Python\Python39\;C:\Program Files\Intel\WiFi\bin\;C:\Program Files\Common Files\Intel\WirelessCommon\;C:\Users\song\AppData\Local\Microsoft\WindowsApps;
USERNAME=song
LANG=ko_KR.UTF-8
OS=Windows_NT
PROCESSOR_IDENTIFIER=Intel64 Family 6 Model 94 Stepping 3, GenuineIntel



---------------  S Y S T E M  ---------------

OS:
 Windows 10 , 64 bit Build 19041 (10.0.19041.1023)
OS uptime: 1 days 9:31 hours
Hyper-V role detected

CPU: total 8 (initial active 8) (4 cores per cpu, 2 threads per core) family 6 model 94 stepping 3 microcode 0xcc, cx8, cmov, fxsr, ht, mmx, 3dnowpref, sse, sse2, sse3, ssse3, sse4.1, sse4.2, popcnt, lzcnt, tsc, tscinvbit, avx, avx2, aes, erms, clmul, bmi1, bmi2, rtm, adx, fma, vzeroupper, clflush, clflushopt, hv

Memory: 4k page, system-wide physical 16244M (4288M free)
TotalPageFile size 16244M (AvailPageFile size 94M)
current process WorkingSet (physical memory assigned to process): 288M, peak: 289M
current process commit charge ("private bytes"): 415M, peak: 416M

vm_info: Java HotSpot(TM) 64-Bit Server VM (16.0.1+9-24) for windows-amd64 JRE (16.0.1+9-24), built on Mar 26 2021 19:31:42 by "mach5one" with MS VC++ 16.7 (VS2019)

END.
